<?xml version="1.0" encoding="UTF-8"?>
<!-- Generated by org.testng.reporters.JUnitReportReporter -->
<testsuite skipped="0" hostname="DESKTOP-QN6IKN8" name="com.training.sanity.tests.TestCase2" tests="1" failures="0" timestamp="08 Jul 2019 06:45:14 GMT" time="15.998" errors="0">
  <testcase name="validLoginTest" time="15.998" classname="com.training.sanity.tests.TestCase2"/>
</testsuite> <!-- com.training.sanity.tests.TestCase2 -->
