<?xml version="1.0" encoding="UTF-8"?>
<!-- Generated by org.testng.reporters.JUnitReportReporter -->
<testsuite skipped="0" hostname="DESKTOP-QN6IKN8" name="com.training.sanity.tests.LoginTests" tests="1" failures="0" timestamp="08 Jul 2019 06:19:31 GMT" time="94.709" errors="0">
  <testcase name="validLoginTest" time="94.709" classname="com.training.sanity.tests.LoginTests"/>
</testsuite> <!-- com.training.sanity.tests.LoginTests -->
