<?xml version="1.0" encoding="UTF-8"?>
<!-- Generated by org.testng.reporters.JUnitReportReporter -->
<testsuite skipped="0" hostname="DESKTOP-QN6IKN8" name="com.training.sanity.tests.TestCase3" tests="1" failures="0" timestamp="09 Jul 2019 04:36:58 GMT" time="24.521" errors="0">
  <testcase name="validLoginTest" time="24.521" classname="com.training.sanity.tests.TestCase3"/>
</testsuite> <!-- com.training.sanity.tests.TestCase3 -->
