<?xml version="1.0" encoding="UTF-8"?>
<!-- Generated by org.testng.reporters.JUnitReportReporter -->
<testsuite skipped="0" hostname="DESKTOP-QN6IKN8" name="com.training.sanity.tests.TestCase1" tests="1" failures="0" timestamp="08 Jul 2019 10:44:03 GMT" time="22.250" errors="0">
  <testcase name="validLoginTest" time="22.250" classname="com.training.sanity.tests.TestCase1"/>
</testsuite> <!-- com.training.sanity.tests.TestCase1 -->
